<?xml version="1.0" encoding="UTF-8"?>
<!-- Generated by org.testng.reporters.JUnitReportReporter -->
<testsuite hostname="LAPTOP-F8R3K33J" failures="0" tests="2" name="test.TestClass" time="2.801" errors="0" timestamp="2022-01-15T01:39:16 IST" skipped="0">
  <testcase classname="test.TestClass" name="test_2" time="0.898"/>
  <system-out/>
  <testcase classname="test.TestClass" name="test_1" time="1.903"/>
  <system-out/>
</testsuite> <!-- test.TestClass -->
