<?xml version="1.0" encoding="UTF-8"?>
<!-- Generated by org.testng.reporters.JUnitReportReporter -->
<testsuite hostname="LAPTOP-F8R3K33J" failures="0" tests="1" name="test.XMLSchemaValidation" time="5.406" errors="0" timestamp="2022-01-18T15:43:19 IST" skipped="0">
  <testcase classname="test.XMLSchemaValidation" name="schemaValidation" time="5.406"/>
  <system-out/>
</testsuite> <!-- test.XMLSchemaValidation -->
