<?xml version="1.0" encoding="UTF-8"?>
<!-- Generated by org.testng.reporters.JUnitReportReporter -->
<testsuite hostname="LAPTOP-F8R3K33J" failures="0" tests="1" name="test.SoapXMLRequest" time="4.750" errors="0" timestamp="2022-01-18T13:58:18 IST" skipped="0">
  <testcase classname="test.SoapXMLRequest" name="validSoapXML" time="4.750"/>
  <system-out/>
</testsuite> <!-- test.SoapXMLRequest -->
