<?xml version="1.0" encoding="UTF-8"?>
<!-- Generated by org.testng.reporters.JUnitReportReporter -->
<testsuite hostname="LAPTOP-F8R3K33J" failures="0" tests="2" name="test.GetAndPostExamples" time="3.832" errors="0" timestamp="2022-01-15T02:20:23 IST" skipped="0">
  <testcase classname="test.GetAndPostExamples" name="testPost" time="1.245"/>
  <system-out/>
  <testcase classname="test.GetAndPostExamples" name="testGet" time="2.587"/>
  <system-out/>
</testsuite> <!-- test.GetAndPostExamples -->
