<?xml version="1.0" encoding="UTF-8"?>
<!-- Generated by org.testng.reporters.JUnitReportReporter -->
<testsuite hostname="LAPTOP-F8R3K33J" failures="0" tests="3" name="test.PutPatchDeleteExamples" time="4.044" errors="0" timestamp="2022-01-15T17:48:16 IST" skipped="0">
  <testcase classname="test.PutPatchDeleteExamples" name="testPatch" time="0.766"/>
  <system-out/>
  <testcase classname="test.PutPatchDeleteExamples" name="testPut" time="0.620"/>
  <system-out/>
  <testcase classname="test.PutPatchDeleteExamples" name="testDelete" time="2.658"/>
  <system-out/>
</testsuite> <!-- test.PutPatchDeleteExamples -->
