<?xml version="1.0" encoding="UTF-8"?>
<!-- Generated by org.testng.reporters.JUnitReportReporter -->
<testsuite hostname="LAPTOP-F8R3K33J" failures="0" tests="1" name="test.JSONSchemaValidator" time="3.893" errors="0" timestamp="2022-01-16T00:39:43 IST" skipped="0">
  <testcase classname="test.JSONSchemaValidator" name="testGet" time="3.893"/>
  <system-out/>
</testsuite> <!-- test.JSONSchemaValidator -->
