<?xml version="1.0" encoding="UTF-8"?>
<!-- Generated by org.testng.reporters.JUnitReportReporter -->
<testsuite hostname="LAPTOP-F8R3K33J" failures="0" tests="1" name="test.TestOnLocalAPI" time="1.162" errors="0" timestamp="2022-01-15T23:48:54 IST" skipped="0">
  <testcase classname="test.TestOnLocalAPI" name="delete" time="1.162"/>
  <system-out/>
</testsuite> <!-- test.TestOnLocalAPI -->
